{"message":"connect ECONNREFUSED 127.0.0.1:27017 connect ECONNREFUSED 127.0.0.1:27017","reason":{"type":"Single","setName":null,"maxSetVersion":null,"maxElectionId":null,"servers":{},"stale":false,"compatible":true,"compatibilityError":null,"logicalSessionTimeoutMinutes":null,"heartbeatFrequencyMS":10000,"localThresholdMS":15,"commonWireVersion":9},"level":"error","stack":"MongooseServerSelectionError: connect ECONNREFUSED 127.0.0.1:27017\n    at Function.Model.$wrapCallback (C:\\git\\nodejs-learn\\nodejs-learn\\VIDLY\\node_modules\\mongoose\\lib\\model.js:4858:32)\n    at C:\\git\\nodejs-learn\\nodejs-learn\\VIDLY\\node_modules\\mongoose\\lib\\query.js:4449:21\n    at C:\\git\\nodejs-learn\\nodejs-learn\\VIDLY\\node_modules\\mongoose\\lib\\helpers\\promiseOrCallback.js:31:5\n    at Promise._execute (C:\\git\\nodejs-learn\\nodejs-learn\\VIDLY\\node_modules\\fawn\\node_modules\\bluebird\\js\\release\\debuggability.js:300:9)\n    at Promise._resolveFromExecutor (C:\\git\\nodejs-learn\\nodejs-learn\\VIDLY\\node_modules\\fawn\\node_modules\\bluebird\\js\\release\\promise.js:483:18)\n    at new Promise (C:\\git\\nodejs-learn\\nodejs-learn\\VIDLY\\node_modules\\fawn\\node_modules\\bluebird\\js\\release\\promise.js:79:10)\n    at promiseOrCallback (C:\\git\\nodejs-learn\\nodejs-learn\\VIDLY\\node_modules\\mongoose\\lib\\helpers\\promiseOrCallback.js:30:10)\n    at model.Query.exec (C:\\git\\nodejs-learn\\nodejs-learn\\VIDLY\\node_modules\\mongoose\\lib\\query.js:4448:10)\n    at model.Query.Query.then (C:\\git\\nodejs-learn\\nodejs-learn\\VIDLY\\node_modules\\mongoose\\lib\\query.js:4531:15)\n    at processTicksAndRejections (internal/process/task_queues.js:93:5)","timestamp":"2021-05-12T01:33:27.262Z"}
{"message":"/api/movies","level":"info","timestamp":"2021-05-12T01:44:12.127Z"}
{"message":"/api/movies","level":"info","timestamp":"2021-05-12T01:47:00.845Z"}
{"message":"/api/movies","level":"info","timestamp":"2021-05-12T01:47:48.148Z"}
{"message":"/api/movies","level":"info","timestamp":"2021-05-12T02:13:02.854Z"}
{"message":"/api/movies","level":"info","timestamp":"2021-05-12T02:14:03.146Z"}
{"message":"/api/movies","level":"info","timestamp":"2021-05-12T02:14:26.284Z"}
{"message":"connect ECONNREFUSED 127.0.0.1:27017 connect ECONNREFUSED 127.0.0.1:27017","reason":{"type":"Single","setName":null,"maxSetVersion":null,"maxElectionId":null,"servers":{},"stale":false,"compatible":true,"compatibilityError":null,"logicalSessionTimeoutMinutes":null,"heartbeatFrequencyMS":10000,"localThresholdMS":15,"commonWireVersion":9},"level":"error","stack":"MongooseServerSelectionError: connect ECONNREFUSED 127.0.0.1:27017\n    at Function.Model.$wrapCallback (C:\\git\\nodejs-learn\\nodejs-learn\\VIDLY\\node_modules\\mongoose\\lib\\model.js:4858:32)\n    at C:\\git\\nodejs-learn\\nodejs-learn\\VIDLY\\node_modules\\mongoose\\lib\\query.js:4449:21\n    at C:\\git\\nodejs-learn\\nodejs-learn\\VIDLY\\node_modules\\mongoose\\lib\\helpers\\promiseOrCallback.js:31:5\n    at Promise._execute (C:\\git\\nodejs-learn\\nodejs-learn\\VIDLY\\node_modules\\fawn\\node_modules\\bluebird\\js\\release\\debuggability.js:300:9)\n    at Promise._resolveFromExecutor (C:\\git\\nodejs-learn\\nodejs-learn\\VIDLY\\node_modules\\fawn\\node_modules\\bluebird\\js\\release\\promise.js:483:18)\n    at new Promise (C:\\git\\nodejs-learn\\nodejs-learn\\VIDLY\\node_modules\\fawn\\node_modules\\bluebird\\js\\release\\promise.js:79:10)\n    at promiseOrCallback (C:\\git\\nodejs-learn\\nodejs-learn\\VIDLY\\node_modules\\mongoose\\lib\\helpers\\promiseOrCallback.js:30:10)\n    at model.Query.exec (C:\\git\\nodejs-learn\\nodejs-learn\\VIDLY\\node_modules\\mongoose\\lib\\query.js:4448:10)\n    at model.Query.Query.then (C:\\git\\nodejs-learn\\nodejs-learn\\VIDLY\\node_modules\\mongoose\\lib\\query.js:4531:15)\n    at processTicksAndRejections (internal/process/task_queues.js:93:5)","timestamp":"2021-05-12T02:14:56.305Z"}
{"message":"/api/movies","level":"info","timestamp":"2021-05-12T02:17:00.461Z"}
{"message":"/api/movies","level":"info","timestamp":"2021-05-12T02:17:21.141Z"}
{"message":"connect ECONNREFUSED 127.0.0.1:27017 connect ECONNREFUSED 127.0.0.1:27017","reason":{"type":"Single","setName":null,"maxSetVersion":null,"maxElectionId":null,"servers":{},"stale":false,"compatible":true,"compatibilityError":null,"logicalSessionTimeoutMinutes":null,"heartbeatFrequencyMS":10000,"localThresholdMS":15,"commonWireVersion":9},"level":"error","stack":"MongooseServerSelectionError: connect ECONNREFUSED 127.0.0.1:27017\n    at Function.Model.$wrapCallback (C:\\git\\nodejs-learn\\nodejs-learn\\VIDLY\\node_modules\\mongoose\\lib\\model.js:4858:32)\n    at C:\\git\\nodejs-learn\\nodejs-learn\\VIDLY\\node_modules\\mongoose\\lib\\query.js:4449:21\n    at C:\\git\\nodejs-learn\\nodejs-learn\\VIDLY\\node_modules\\mongoose\\lib\\helpers\\promiseOrCallback.js:31:5\n    at Promise._execute (C:\\git\\nodejs-learn\\nodejs-learn\\VIDLY\\node_modules\\fawn\\node_modules\\bluebird\\js\\release\\debuggability.js:300:9)\n    at Promise._resolveFromExecutor (C:\\git\\nodejs-learn\\nodejs-learn\\VIDLY\\node_modules\\fawn\\node_modules\\bluebird\\js\\release\\promise.js:483:18)\n    at new Promise (C:\\git\\nodejs-learn\\nodejs-learn\\VIDLY\\node_modules\\fawn\\node_modules\\bluebird\\js\\release\\promise.js:79:10)\n    at promiseOrCallback (C:\\git\\nodejs-learn\\nodejs-learn\\VIDLY\\node_modules\\mongoose\\lib\\helpers\\promiseOrCallback.js:30:10)\n    at model.Query.exec (C:\\git\\nodejs-learn\\nodejs-learn\\VIDLY\\node_modules\\mongoose\\lib\\query.js:4448:10)\n    at model.Query.Query.then (C:\\git\\nodejs-learn\\nodejs-learn\\VIDLY\\node_modules\\mongoose\\lib\\query.js:4531:15)\n    at processTicksAndRejections (internal/process/task_queues.js:93:5)","timestamp":"2021-05-12T02:17:51.155Z"}
{"message":"/api/movies","level":"info","timestamp":"2021-05-12T02:28:41.031Z"}
{"message":"/api/movies","level":"info","timestamp":"2021-05-12T02:29:08.943Z"}
{"message":"connect ECONNREFUSED 127.0.0.1:27017 connect ECONNREFUSED 127.0.0.1:27017","reason":{"type":"Single","setName":null,"maxSetVersion":null,"maxElectionId":null,"servers":{},"stale":false,"compatible":true,"compatibilityError":null,"logicalSessionTimeoutMinutes":null,"heartbeatFrequencyMS":10000,"localThresholdMS":15,"commonWireVersion":9},"level":"error","stack":"MongooseServerSelectionError: connect ECONNREFUSED 127.0.0.1:27017\n    at Function.Model.$wrapCallback (C:\\git\\nodejs-learn\\nodejs-learn\\VIDLY\\node_modules\\mongoose\\lib\\model.js:4858:32)\n    at C:\\git\\nodejs-learn\\nodejs-learn\\VIDLY\\node_modules\\mongoose\\lib\\query.js:4449:21\n    at C:\\git\\nodejs-learn\\nodejs-learn\\VIDLY\\node_modules\\mongoose\\lib\\helpers\\promiseOrCallback.js:31:5\n    at Promise._execute (C:\\git\\nodejs-learn\\nodejs-learn\\VIDLY\\node_modules\\fawn\\node_modules\\bluebird\\js\\release\\debuggability.js:300:9)\n    at Promise._resolveFromExecutor (C:\\git\\nodejs-learn\\nodejs-learn\\VIDLY\\node_modules\\fawn\\node_modules\\bluebird\\js\\release\\promise.js:483:18)\n    at new Promise (C:\\git\\nodejs-learn\\nodejs-learn\\VIDLY\\node_modules\\fawn\\node_modules\\bluebird\\js\\release\\promise.js:79:10)\n    at promiseOrCallback (C:\\git\\nodejs-learn\\nodejs-learn\\VIDLY\\node_modules\\mongoose\\lib\\helpers\\promiseOrCallback.js:30:10)\n    at model.Query.exec (C:\\git\\nodejs-learn\\nodejs-learn\\VIDLY\\node_modules\\mongoose\\lib\\query.js:4448:10)\n    at model.Query.Query.then (C:\\git\\nodejs-learn\\nodejs-learn\\VIDLY\\node_modules\\mongoose\\lib\\query.js:4531:15)\n    at processTicksAndRejections (internal/process/task_queues.js:93:5)","timestamp":"2021-05-12T02:29:38.952Z"}
{"message":"Listening on port 3000...","level":"info","timestamp":"2021-05-16T12:12:30.492Z"}
{"message":"Connected to MongoDB...","level":"info","timestamp":"2021-05-16T12:12:58.322Z"}
{"message":"Listening on port 3000...","level":"info","timestamp":"2021-05-16T12:15:45.839Z"}
{"message":"Listening on port 3000...","level":"info","timestamp":"2021-05-16T12:20:01.861Z"}
{"message":"Connected to MongoDB...","level":"info","timestamp":"2021-05-16T12:20:01.930Z"}
{"message":"Listening on port 3000...","level":"info","timestamp":"2021-05-16T12:21:02.870Z"}
{"message":"Connected to MongoDB...","level":"info","timestamp":"2021-05-16T12:21:02.987Z"}
{"message":"Listening on port 3000...","level":"info","timestamp":"2021-05-16T12:21:18.049Z"}
{"message":"Connected to MongoDB...","level":"info","timestamp":"2021-05-16T12:21:18.199Z"}
{"message":"Listening on port 3000...","level":"info","timestamp":"2021-05-16T12:21:32.786Z"}
{"message":"Connected to MongoDB...","level":"info","timestamp":"2021-05-16T12:21:32.856Z"}
{"message":"Listening on port 3000...","level":"info","timestamp":"2021-05-16T12:25:29.917Z"}
{"message":"Connected to MongoDB...","level":"info","timestamp":"2021-05-16T12:25:30.013Z"}
{"message":"Listening on port 3000...","level":"info","timestamp":"2021-05-16T12:25:38.814Z"}
{"message":"Connected to MongoDB...","level":"info","timestamp":"2021-05-16T12:25:38.904Z"}
{"message":"Listening on port 3000...","level":"info","timestamp":"2021-05-16T12:27:12.771Z"}
{"message":"Connected to MongoDB...","level":"info","timestamp":"2021-05-16T12:27:12.852Z"}
{"message":"Listening on port 3000...","level":"info","timestamp":"2021-05-16T12:27:50.162Z"}
{"message":"Connected to MongoDB...","level":"info","timestamp":"2021-05-16T12:27:50.237Z"}
{"message":"Listening on port 3000...","level":"info","timestamp":"2021-05-16T12:28:08.070Z"}
{"message":"Connected to MongoDB...","level":"info","timestamp":"2021-05-16T12:28:08.157Z"}
{"message":"Listening on port 3000...","level":"info","timestamp":"2021-05-16T12:34:43.839Z"}
{"message":"Connected to MongoDB...","level":"info","timestamp":"2021-05-16T12:34:43.930Z"}
{"message":"Listening on port 3000...","level":"info","timestamp":"2021-05-16T12:35:20.134Z"}
{"message":"Listening on port 3000...","level":"info","timestamp":"2021-05-16T12:36:37.938Z"}
{"message":"Listening on port 3000...","level":"info","timestamp":"2021-05-16T12:39:52.788Z"}
{"message":"Listening on port 3000...","level":"info","timestamp":"2021-05-16T12:40:20.918Z"}
{"message":"Listening on port 3000...","level":"info","timestamp":"2021-05-16T12:40:54.559Z"}
{"message":"Listening on port 3000...","level":"info","timestamp":"2021-05-16T12:42:46.318Z"}
{"message":"Listening on port 3000...","level":"info","timestamp":"2021-05-16T12:42:53.008Z"}
{"message":"Listening on port 3000...","level":"info","timestamp":"2021-05-16T12:43:27.988Z"}
{"message":"Connected to MongoDB...","level":"info","timestamp":"2021-05-16T12:43:28.044Z"}
{"message":"Listening on port 3000...","level":"info","timestamp":"2021-05-16T12:45:48.854Z"}
{"message":"Listening on port 3000...","level":"info","timestamp":"2021-05-16T12:49:52.662Z"}
{"message":"Listening on port 3000...","level":"info","timestamp":"2021-05-16T12:50:12.439Z"}
{"message":"Listening on port 3000...","level":"info","timestamp":"2021-05-16T12:51:42.526Z"}
{"message":"Connected to MongoDB...","level":"info","timestamp":"2021-05-16T12:51:42.667Z"}
{"message":"Listening on port 3000...","level":"info","timestamp":"2021-05-16T12:52:04.786Z"}
{"message":"Connected to MongoDB...","level":"info","timestamp":"2021-05-16T12:52:04.923Z"}
{"message":"Listening on port 3000...","level":"info","timestamp":"2021-05-16T12:52:13.206Z"}
{"message":"Connected to MongoDB...","level":"info","timestamp":"2021-05-16T12:52:13.342Z"}
{"message":"Listening on port 3000...","level":"info","timestamp":"2021-05-16T12:53:19.108Z"}
{"message":"Connected to MongoDB...","level":"info","timestamp":"2021-05-16T12:53:19.257Z"}
{"message":"Listening on port 3000...","level":"info","timestamp":"2021-05-16T12:53:47.013Z"}
{"message":"Connected to MongoDB...","level":"info","timestamp":"2021-05-16T12:53:47.062Z"}
{"message":"/api/movies","level":"info","timestamp":"2021-05-16T12:53:52.107Z"}
{"message":"Listening on port 3000...","level":"info","timestamp":"2021-05-16T12:55:44.375Z"}
{"message":"Connected to MongoDB...","level":"info","timestamp":"2021-05-16T12:55:44.437Z"}
{"message":"/api/movies","level":"info","timestamp":"2021-05-16T12:55:45.278Z"}
{"level":"error","message":"Can't get movies Can't get movies","stack":"Error: Can't get movies\n    at C:\\git\\nodejs-learn\\nodejs-learn\\VIDLY\\backend\\routes\\movies.js:11:9","timestamp":"2021-05-16T12:55:45.312Z"}
{"message":"Listening on port 3000...","level":"info","timestamp":"2021-05-16T13:00:18.444Z"}
{"message":"Connected to MongoDB...","level":"info","timestamp":"2021-05-16T13:00:18.531Z"}
{"message":"/api/movies","level":"info","timestamp":"2021-05-16T13:00:21.796Z"}
{"level":"error","message":"Can't get movies_middleware Can't get movies","stack":"Error: Can't get movies\n    at C:\\git\\nodejs-learn\\nodejs-learn\\VIDLY\\backend\\routes\\movies.js:11:9","timestamp":"2021-05-16T13:00:21.832Z"}
{"message":"Listening on port 3000...","level":"info","timestamp":"2021-05-16T13:00:52.712Z"}
{"message":"Connected to MongoDB...","level":"info","timestamp":"2021-05-16T13:00:52.774Z"}
{"message":"Listening on port 3000...","level":"info","timestamp":"2021-05-16T13:01:20.294Z"}
{"message":"Connected to MongoDB...","level":"info","timestamp":"2021-05-16T13:01:20.427Z"}
{"message":"/api/movies","level":"info","timestamp":"2021-05-16T13:03:30.658Z"}
{"message":"Connected to mongodb://localhost/vidly...","level":"info","timestamp":"2021-05-21T00:30:11.760Z"}
{"message":"Listening on port 3000...","level":"info","timestamp":"2021-05-21T00:30:55.987Z"}
{"message":"Connected to mongodb://localhost/vidly...","level":"info","timestamp":"2021-05-21T00:30:56.050Z"}
{"message":"Listening on port 3000...","level":"info","timestamp":"2021-05-21T00:31:28.546Z"}
{"message":"Connected to mongodb://localhost/vidly_tests...","level":"info","timestamp":"2021-05-21T00:31:28.590Z"}
{"message":"Listening on port 3000...","level":"info","timestamp":"2021-05-21T00:45:33.396Z"}
{"message":"/api/genres","level":"info","timestamp":"2021-05-21T00:45:33.441Z"}
{"message":"Connected to mongodb://localhost/vidly_tests...","level":"info","timestamp":"2021-05-21T00:45:33.481Z"}
{"message":"Listening on port 3000...","level":"info","timestamp":"2021-05-21T00:47:44.388Z"}
{"message":"/api/genres","level":"info","timestamp":"2021-05-21T00:47:44.431Z"}
{"message":"Connected to mongodb://localhost/vidly_tests...","level":"info","timestamp":"2021-05-21T00:47:44.526Z"}
{"message":"Listening on port 3000...","level":"info","timestamp":"2021-05-21T00:53:57.235Z"}
{"message":"/api/genres","level":"info","timestamp":"2021-05-21T00:53:57.295Z"}
{"message":"Connected to mongodb://localhost/vidly_tests...","level":"info","timestamp":"2021-05-21T00:53:57.378Z"}
{"message":"Listening on port 3000...","level":"info","timestamp":"2021-05-21T00:54:06.476Z"}
{"message":"/api/genres","level":"info","timestamp":"2021-05-21T00:54:06.508Z"}
{"message":"Connected to mongodb://localhost/vidly_tests...","level":"info","timestamp":"2021-05-21T00:54:06.534Z"}
{"message":"Listening on port 3000...","level":"info","timestamp":"2021-05-21T00:55:32.066Z"}
{"message":"Connected to mongodb://localhost/vidly_tests...","level":"info","timestamp":"2021-05-21T00:55:32.190Z"}
{"message":"/api/genres","level":"info","timestamp":"2021-05-21T00:55:32.277Z"}
{"message":"Listening on port 3000...","level":"info","timestamp":"2021-05-21T00:55:53.478Z"}
{"message":"Connected to mongodb://localhost/vidly_tests...","level":"info","timestamp":"2021-05-21T00:55:53.635Z"}
{"message":"/api/genres","level":"info","timestamp":"2021-05-21T00:55:53.689Z"}
{"message":"Listening on port 3000...","level":"info","timestamp":"2021-05-21T01:00:24.595Z"}
{"message":"Connected to mongodb://localhost/vidly_tests...","level":"info","timestamp":"2021-05-21T01:00:28.885Z"}
{"message":"/api/genres","level":"info","timestamp":"2021-05-21T01:00:28.949Z"}
{"message":"Listening on port 3000...","level":"info","timestamp":"2021-05-21T01:00:36.595Z"}
{"message":"Connected to mongodb://localhost/vidly_tests...","level":"info","timestamp":"2021-05-21T01:00:36.676Z"}
{"message":"/api/genres","level":"info","timestamp":"2021-05-21T01:00:36.726Z"}
{"message":"Listening on port 3000...","level":"info","timestamp":"2021-05-21T01:00:49.778Z"}
{"message":"Connected to mongodb://localhost/vidly_tests...","level":"info","timestamp":"2021-05-21T01:00:49.866Z"}
{"message":"/api/genres","level":"info","timestamp":"2021-05-21T01:00:49.913Z"}
{"message":"Listening on port 3000...","level":"info","timestamp":"2021-05-21T01:02:30.721Z"}
{"message":"Connected to mongodb://localhost/vidly_tests...","level":"info","timestamp":"2021-05-21T01:02:30.856Z"}
{"message":"/api/genres","level":"info","timestamp":"2021-05-21T01:02:30.937Z"}
{"message":"Listening on port 3000...","level":"info","timestamp":"2021-05-21T01:03:26.986Z"}
{"message":"Connected to mongodb://localhost/vidly_tests...","level":"info","timestamp":"2021-05-21T01:03:27.136Z"}
{"message":"/api/genres","level":"info","timestamp":"2021-05-21T01:03:27.189Z"}
{"message":"Listening on port 3000...","level":"info","timestamp":"2021-05-21T01:11:08.597Z"}
{"message":"Connected to mongodb://localhost/vidly_tests...","level":"info","timestamp":"2021-05-21T01:11:08.787Z"}
{"message":"/api/genres","level":"info","timestamp":"2021-05-21T01:11:08.840Z"}
{"message":"/api/genres/60a708acf43a1a6408e9ba5a","level":"info","timestamp":"2021-05-21T01:11:08.934Z"}
{"message":"Listening on port 3000...","level":"info","timestamp":"2021-05-21T01:11:36.110Z"}
{"message":"Connected to mongodb://localhost/vidly_tests...","level":"info","timestamp":"2021-05-21T01:11:36.316Z"}
{"message":"/api/genres","level":"info","timestamp":"2021-05-21T01:11:36.397Z"}
{"message":"/api/genres/60a708c8e6bd5964088add09","level":"info","timestamp":"2021-05-21T01:11:36.515Z"}
{"message":"Listening on port 3000...","level":"info","timestamp":"2021-05-21T01:13:29.937Z"}
{"message":"Connected to mongodb://localhost/vidly_tests...","level":"info","timestamp":"2021-05-21T01:13:30.129Z"}
{"message":"/api/genres","level":"info","timestamp":"2021-05-21T01:13:30.182Z"}
{"message":"/api/genres/60a7093accea266408332461","level":"info","timestamp":"2021-05-21T01:13:30.265Z"}
{"message":"/api/genres/1","level":"info","timestamp":"2021-05-21T01:13:30.304Z"}
{"message":"Listening on port 3000...","level":"info","timestamp":"2021-05-21T01:14:47.796Z"}
{"message":"Connected to mongodb://localhost/vidly_tests...","level":"info","timestamp":"2021-05-21T01:14:47.971Z"}
{"message":"/api/genres","level":"info","timestamp":"2021-05-21T01:14:48.021Z"}
{"message":"/api/genres/60a7098835e24c6408485645","level":"info","timestamp":"2021-05-21T01:14:48.115Z"}
{"message":"/api/genres/123","level":"info","timestamp":"2021-05-21T01:14:48.161Z"}
{"message":"Listening on port 3000...","level":"info","timestamp":"2021-05-21T01:15:39.821Z"}
{"message":"Connected to mongodb://localhost/vidly_tests...","level":"info","timestamp":"2021-05-21T01:15:39.956Z"}
{"message":"/api/genres","level":"info","timestamp":"2021-05-21T01:15:39.996Z"}
{"message":"/api/genres/60a709bc15246164081acc3d","level":"info","timestamp":"2021-05-21T01:15:40.050Z"}
{"message":"/api/genres/123","level":"info","timestamp":"2021-05-21T01:15:40.096Z"}
{"message":"Listening on port 3000...","level":"info","timestamp":"2021-05-21T01:19:02.090Z"}
{"message":"Connected to mongodb://localhost/vidly_tests...","level":"info","timestamp":"2021-05-21T01:19:02.276Z"}
{"message":"/api/genres","level":"info","timestamp":"2021-05-21T01:19:02.324Z"}
{"message":"/api/genres/60a70a86186a0e640883be2a","level":"info","timestamp":"2021-05-21T01:19:02.405Z"}
{"message":"/api/genres/123","level":"info","timestamp":"2021-05-21T01:19:02.446Z"}
{"message":"/api/genres/60a70a86186a0e640883be2b","level":"info","timestamp":"2021-05-21T01:19:02.474Z"}
{"message":"Listening on port 3000...","level":"info","timestamp":"2021-05-21T01:19:42.156Z"}
{"message":"Connected to mongodb://localhost/vidly_tests...","level":"info","timestamp":"2021-05-21T01:19:42.231Z"}
{"message":"/api/genres","level":"info","timestamp":"2021-05-21T01:19:42.286Z"}
{"message":"/api/genres/60a70aaeb20afc6408281a3f","level":"info","timestamp":"2021-05-21T01:19:42.377Z"}
{"message":"/api/genres/123","level":"info","timestamp":"2021-05-21T01:19:42.413Z"}
{"message":"/api/genres/60a70aaeb20afc6408281a40","level":"info","timestamp":"2021-05-21T01:19:42.444Z"}
{"message":"Listening on port 3000...","level":"info","timestamp":"2021-05-21T01:20:27.321Z"}
{"message":"Connected to mongodb://localhost/vidly_tests...","level":"info","timestamp":"2021-05-21T01:20:27.576Z"}
{"message":"/api/genres","level":"info","timestamp":"2021-05-21T01:20:27.649Z"}
{"message":"/api/genres/60a70adbd4289d640866afb0","level":"info","timestamp":"2021-05-21T01:20:27.813Z"}
{"message":"/api/genres/123","level":"info","timestamp":"2021-05-21T01:20:27.861Z"}
{"message":"/api/genres/60a70adbd4289d640866afb1","level":"info","timestamp":"2021-05-21T01:20:27.896Z"}
{"message":"Listening on port 3000...","level":"info","timestamp":"2021-05-21T01:29:00.738Z"}
{"message":"Connected to mongodb://localhost/vidly_tests...","level":"info","timestamp":"2021-05-21T01:29:00.913Z"}
{"message":"/api/genres","level":"info","timestamp":"2021-05-21T01:29:00.949Z"}
{"message":"/api/genres/60a70cdc7ad5dd6408865453","level":"info","timestamp":"2021-05-21T01:29:00.998Z"}
{"message":"/api/genres/123","level":"info","timestamp":"2021-05-21T01:29:01.046Z"}
{"message":"/api/genres/60a70cdd7ad5dd6408865454","level":"info","timestamp":"2021-05-21T01:29:01.074Z"}
{"message":"Listening on port 3000...","level":"info","timestamp":"2021-05-22T06:47:12.582Z"}
{"message":"Connected to mongodb://localhost/vidly_tests...","level":"info","timestamp":"2021-05-22T06:47:19.739Z"}
{"message":"/api/genres","level":"info","timestamp":"2021-05-22T06:47:19.916Z"}
{"message":"/api/genres/60a8a8f75b9c9a74107bec0c","level":"info","timestamp":"2021-05-22T06:47:19.971Z"}
{"message":"/api/genres/123","level":"info","timestamp":"2021-05-22T06:47:20.024Z"}
{"message":"/api/genres/60a8a8f85b9c9a74107bec0d","level":"info","timestamp":"2021-05-22T06:47:20.061Z"}
{"message":"Listening on port 3000...","level":"info","timestamp":"2021-05-22T06:47:28.423Z"}
{"message":"Connected to mongodb://localhost/vidly_tests...","level":"info","timestamp":"2021-05-22T06:47:28.524Z"}
{"message":"/api/genres","level":"info","timestamp":"2021-05-22T06:47:28.606Z"}
{"message":"/api/genres/60a8a9009d4a227410cffc08","level":"info","timestamp":"2021-05-22T06:47:28.697Z"}
{"message":"/api/genres/123","level":"info","timestamp":"2021-05-22T06:47:28.760Z"}
{"message":"/api/genres/60a8a9009d4a227410cffc09","level":"info","timestamp":"2021-05-22T06:47:28.789Z"}
{"message":"Listening on port 3000...","level":"info","timestamp":"2021-05-22T06:49:48.059Z"}
{"message":"Connected to mongodb://localhost/vidly_tests...","level":"info","timestamp":"2021-05-22T06:49:48.204Z"}
{"message":"/api/genres","level":"info","timestamp":"2021-05-22T06:49:48.276Z"}
{"message":"/api/genres/60a8a98ccfed6674105f2f7c","level":"info","timestamp":"2021-05-22T06:49:48.355Z"}
{"message":"/api/genres/123","level":"info","timestamp":"2021-05-22T06:49:48.396Z"}
{"message":"/api/genres/60a8a98ccfed6674105f2f7d","level":"info","timestamp":"2021-05-22T06:49:48.431Z"}
{"message":"Listening on port 3000...","level":"info","timestamp":"2021-05-22T06:50:37.396Z"}
{"message":"Connected to mongodb://localhost/vidly_tests...","level":"info","timestamp":"2021-05-22T06:50:37.521Z"}
{"message":"/api/genres","level":"info","timestamp":"2021-05-22T06:50:37.592Z"}
{"message":"/api/genres/60a8a9bd15f8237410a9d00a","level":"info","timestamp":"2021-05-22T06:50:37.688Z"}
{"message":"/api/genres/123","level":"info","timestamp":"2021-05-22T06:50:37.727Z"}
{"message":"/api/genres/60a8a9bd15f8237410a9d00b","level":"info","timestamp":"2021-05-22T06:50:37.775Z"}
{"message":"Listening on port 3000...","level":"info","timestamp":"2021-05-22T06:50:48.487Z"}
{"message":"Connected to mongodb://localhost/vidly_tests...","level":"info","timestamp":"2021-05-22T06:50:48.594Z"}
{"message":"/api/genres","level":"info","timestamp":"2021-05-22T06:50:48.645Z"}
{"message":"/api/genres/60a8a9c8a357e674102f134e","level":"info","timestamp":"2021-05-22T06:50:48.702Z"}
{"message":"/api/genres/123","level":"info","timestamp":"2021-05-22T06:50:48.738Z"}
{"message":"/api/genres/60a8a9c8a357e674102f134f","level":"info","timestamp":"2021-05-22T06:50:48.778Z"}
{"message":"Listening on port 3000...","level":"info","timestamp":"2021-05-22T06:51:35.232Z"}
{"message":"Connected to mongodb://localhost/vidly_tests...","level":"info","timestamp":"2021-05-22T06:51:35.476Z"}
{"message":"/api/genres","level":"info","timestamp":"2021-05-22T06:51:35.536Z"}
{"message":"/api/genres/60a8a9f7c19b577410418cde","level":"info","timestamp":"2021-05-22T06:51:35.622Z"}
{"message":"/api/genres/123","level":"info","timestamp":"2021-05-22T06:51:35.669Z"}
{"message":"/api/genres/60a8a9f7c19b577410418cdf","level":"info","timestamp":"2021-05-22T06:51:35.701Z"}
{"message":"Listening on port 3000...","level":"info","timestamp":"2021-05-22T06:52:05.151Z"}
{"message":"Connected to mongodb://localhost/vidly_tests...","level":"info","timestamp":"2021-05-22T06:52:05.255Z"}
{"message":"/api/genres","level":"info","timestamp":"2021-05-22T06:52:05.339Z"}
{"message":"/api/genres/60a8aa155a7d3974104d975c","level":"info","timestamp":"2021-05-22T06:52:05.414Z"}
{"message":"/api/genres/123","level":"info","timestamp":"2021-05-22T06:52:05.455Z"}
{"message":"/api/genres/60a8aa155a7d3974104d975d","level":"info","timestamp":"2021-05-22T06:52:05.484Z"}
{"message":"Listening on port 3000...","level":"info","timestamp":"2021-05-22T06:59:13.465Z"}
{"message":"Connected to mongodb://localhost/vidly_tests...","level":"info","timestamp":"2021-05-22T06:59:13.606Z"}
{"message":"/api/genres","level":"info","timestamp":"2021-05-22T06:59:13.664Z"}
{"message":"/api/genres/60a8abc1385c2f74103656d6","level":"info","timestamp":"2021-05-22T06:59:13.748Z"}
{"message":"/api/genres/123","level":"info","timestamp":"2021-05-22T06:59:13.789Z"}
{"message":"/api/genres/60a8abc1385c2f74103656d7","level":"info","timestamp":"2021-05-22T06:59:13.819Z"}
{"message":"/api/genres","level":"info","timestamp":"2021-05-22T06:59:13.858Z"}
{"message":"Listening on port 3000...","level":"info","timestamp":"2021-05-22T06:59:21.692Z"}
{"message":"Connected to mongodb://localhost/vidly_tests...","level":"info","timestamp":"2021-05-22T06:59:21.822Z"}
{"message":"/api/genres","level":"info","timestamp":"2021-05-22T06:59:21.932Z"}
{"message":"/api/genres/60a8abc96c4c7974109b33b7","level":"info","timestamp":"2021-05-22T06:59:22.016Z"}
{"message":"/api/genres/123","level":"info","timestamp":"2021-05-22T06:59:22.063Z"}
{"message":"/api/genres/60a8abca6c4c7974109b33b8","level":"info","timestamp":"2021-05-22T06:59:22.098Z"}
{"message":"/api/genres","level":"info","timestamp":"2021-05-22T06:59:22.133Z"}
{"message":"Listening on port 3000...","level":"info","timestamp":"2021-05-22T07:08:06.064Z"}
{"message":"Connected to mongodb://localhost/vidly_tests...","level":"info","timestamp":"2021-05-22T07:08:06.289Z"}
{"message":"/api/genres","level":"info","timestamp":"2021-05-22T07:08:06.349Z"}
{"message":"/api/genres/60a8add69b0d417410711032","level":"info","timestamp":"2021-05-22T07:08:06.427Z"}
{"message":"/api/genres/123","level":"info","timestamp":"2021-05-22T07:08:06.470Z"}
{"message":"/api/genres/60a8add69b0d417410711033","level":"info","timestamp":"2021-05-22T07:08:06.500Z"}
{"message":"/api/genres","level":"info","timestamp":"2021-05-22T07:08:06.539Z"}
{"message":"/api/genres","level":"info","timestamp":"2021-05-22T07:08:06.615Z"}
{"message":"Listening on port 3000...","level":"info","timestamp":"2021-05-22T07:08:34.808Z"}
{"message":"Connected to mongodb://localhost/vidly_tests...","level":"info","timestamp":"2021-05-22T07:08:34.907Z"}
{"message":"/api/genres","level":"info","timestamp":"2021-05-22T07:08:34.972Z"}
{"message":"/api/genres/60a8adf32ac2667410c66a25","level":"info","timestamp":"2021-05-22T07:08:35.058Z"}
{"message":"/api/genres/123","level":"info","timestamp":"2021-05-22T07:08:35.100Z"}
{"message":"/api/genres/60a8adf32ac2667410c66a26","level":"info","timestamp":"2021-05-22T07:08:35.139Z"}
{"message":"/api/genres","level":"info","timestamp":"2021-05-22T07:08:35.173Z"}
{"message":"/api/genres","level":"info","timestamp":"2021-05-22T07:08:35.250Z"}
{"message":"Listening on port 3000...","level":"info","timestamp":"2021-05-22T07:12:56.525Z"}
{"message":"Connected to mongodb://localhost/vidly_tests...","level":"info","timestamp":"2021-05-22T07:12:56.658Z"}
{"message":"/api/genres","level":"info","timestamp":"2021-05-22T07:12:56.723Z"}
{"message":"/api/genres/60a8aef8c789da741065ceb1","level":"info","timestamp":"2021-05-22T07:12:56.866Z"}
{"message":"/api/genres/123","level":"info","timestamp":"2021-05-22T07:12:56.903Z"}
{"message":"/api/genres/60a8aef8c789da741065ceb2","level":"info","timestamp":"2021-05-22T07:12:56.936Z"}
{"message":"/api/genres","level":"info","timestamp":"2021-05-22T07:12:56.974Z"}
{"message":"/api/genres","level":"info","timestamp":"2021-05-22T07:12:57.058Z"}
{"message":"/api/genres","level":"info","timestamp":"2021-05-22T07:12:57.106Z"}
{"message":"Listening on port 3000...","level":"info","timestamp":"2021-05-22T07:17:50.093Z"}
{"message":"Connected to mongodb://localhost/vidly_tests...","level":"info","timestamp":"2021-05-22T07:17:50.211Z"}
{"message":"/api/genres","level":"info","timestamp":"2021-05-22T07:17:50.247Z"}
{"message":"/api/genres/60a8b01e9e0ad3741031e046","level":"info","timestamp":"2021-05-22T07:17:50.296Z"}
{"message":"/api/genres/123","level":"info","timestamp":"2021-05-22T07:17:50.335Z"}
{"message":"/api/genres/60a8b01e9e0ad3741031e047","level":"info","timestamp":"2021-05-22T07:17:50.366Z"}
{"message":"/api/genres","level":"info","timestamp":"2021-05-22T07:17:50.401Z"}
{"message":"/api/genres","level":"info","timestamp":"2021-05-22T07:17:50.467Z"}
{"message":"/api/genres","level":"info","timestamp":"2021-05-22T07:17:50.499Z"}
{"message":"/api/genres","level":"info","timestamp":"2021-05-22T07:17:50.526Z"}
{"message":"Listening on port 3000...","level":"info","timestamp":"2021-05-22T07:18:15.634Z"}
{"message":"Connected to mongodb://localhost/vidly_tests...","level":"info","timestamp":"2021-05-22T07:18:15.790Z"}
{"message":"/api/genres","level":"info","timestamp":"2021-05-22T07:18:15.829Z"}
{"message":"/api/genres/60a8b0370c83c57410458409","level":"info","timestamp":"2021-05-22T07:18:15.904Z"}
{"message":"/api/genres/123","level":"info","timestamp":"2021-05-22T07:18:15.944Z"}
{"message":"/api/genres/60a8b0370c83c5741045840a","level":"info","timestamp":"2021-05-22T07:18:15.972Z"}
{"message":"/api/genres","level":"info","timestamp":"2021-05-22T07:18:16.015Z"}
{"message":"/api/genres","level":"info","timestamp":"2021-05-22T07:18:16.090Z"}
{"message":"/api/genres","level":"info","timestamp":"2021-05-22T07:18:16.134Z"}
{"message":"/api/genres","level":"info","timestamp":"2021-05-22T07:18:16.164Z"}
{"message":"Listening on port 3000...","level":"info","timestamp":"2021-05-22T07:19:59.608Z"}
{"message":"Connected to mongodb://localhost/vidly_tests...","level":"info","timestamp":"2021-05-22T07:19:59.752Z"}
{"message":"/api/genres","level":"info","timestamp":"2021-05-22T07:19:59.786Z"}
{"message":"/api/genres/60a8b09f092fa37410c35481","level":"info","timestamp":"2021-05-22T07:19:59.835Z"}
{"message":"/api/genres/123","level":"info","timestamp":"2021-05-22T07:19:59.872Z"}
{"message":"/api/genres/60a8b09f092fa37410c35482","level":"info","timestamp":"2021-05-22T07:19:59.903Z"}
{"message":"/api/genres","level":"info","timestamp":"2021-05-22T07:19:59.940Z"}
{"message":"/api/genres","level":"info","timestamp":"2021-05-22T07:20:00.019Z"}
{"message":"/api/genres","level":"info","timestamp":"2021-05-22T07:20:00.056Z"}
{"message":"/api/genres","level":"info","timestamp":"2021-05-22T07:20:00.090Z"}
{"message":"Listening on port 3000...","level":"info","timestamp":"2021-05-22T07:35:48.528Z"}
{"message":"Connected to mongodb://localhost/vidly_tests...","level":"info","timestamp":"2021-05-22T07:35:48.681Z"}
{"message":"/api/genres","level":"info","timestamp":"2021-05-22T07:35:48.729Z"}
{"message":"/api/genres/60a8b454c4968e741008cc0d","level":"info","timestamp":"2021-05-22T07:35:48.788Z"}
{"message":"/api/genres/123","level":"info","timestamp":"2021-05-22T07:35:48.836Z"}
{"message":"/api/genres/60a8b454c4968e741008cc0e","level":"info","timestamp":"2021-05-22T07:35:48.865Z"}
{"message":"/api/genres","level":"info","timestamp":"2021-05-22T07:35:48.920Z"}
{"message":"/api/genres","level":"info","timestamp":"2021-05-22T07:35:48.993Z"}
{"message":"/api/genres","level":"info","timestamp":"2021-05-22T07:35:49.035Z"}
{"message":"/api/genres","level":"info","timestamp":"2021-05-22T07:35:49.099Z"}
{"message":"Listening on port 3000...","level":"info","timestamp":"2021-05-22T07:36:49.745Z"}
{"message":"Connected to mongodb://localhost/vidly_tests...","level":"info","timestamp":"2021-05-22T07:37:09.427Z"}
{"message":"/api/genres/60a8b4a175c95e7410565e86","level":"info","timestamp":"2021-05-22T07:37:11.979Z"}
{"message":"/api/genres/123","level":"info","timestamp":"2021-05-22T07:37:11.999Z"}
{"message":"/api/genres/60a8b4a875c95e7410565e87","level":"info","timestamp":"2021-05-22T07:37:12.055Z"}
{"message":"/api/genres","level":"info","timestamp":"2021-05-22T07:37:12.106Z"}
{"message":"/api/genres","level":"info","timestamp":"2021-05-22T07:37:12.267Z"}
{"message":"/api/genres","level":"info","timestamp":"2021-05-22T07:37:12.306Z"}
{"message":"/api/genres","level":"info","timestamp":"2021-05-22T07:37:12.338Z"}
{"message":"Listening on port 3000...","level":"info","timestamp":"2021-05-22T07:37:22.438Z"}
{"message":"Connected to mongodb://localhost/vidly_tests...","level":"info","timestamp":"2021-05-22T07:37:23.234Z"}
{"message":"/api/genres","level":"info","timestamp":"2021-05-22T07:37:23.274Z"}
{"message":"/api/genres/60a8b4b3baafcb74104dcafe","level":"info","timestamp":"2021-05-22T07:37:23.325Z"}
{"message":"/api/genres/123","level":"info","timestamp":"2021-05-22T07:37:23.377Z"}
{"message":"/api/genres/60a8b4b3baafcb74104dcaff","level":"info","timestamp":"2021-05-22T07:37:23.409Z"}
{"message":"/api/genres","level":"info","timestamp":"2021-05-22T07:37:23.447Z"}
{"message":"/api/genres","level":"info","timestamp":"2021-05-22T07:37:23.524Z"}
{"message":"/api/genres","level":"info","timestamp":"2021-05-22T07:37:23.559Z"}
{"message":"/api/genres","level":"info","timestamp":"2021-05-22T07:37:23.594Z"}
{"message":"Listening on port 3000...","level":"info","timestamp":"2021-05-22T07:38:54.652Z"}
{"message":"Connected to mongodb://localhost/vidly_tests...","level":"info","timestamp":"2021-05-22T07:39:01.429Z"}
{"message":"/api/genres","level":"info","timestamp":"2021-05-22T07:39:01.510Z"}
{"message":"/api/genres/60a8b5159230977410e4eeb6","level":"info","timestamp":"2021-05-22T07:39:01.561Z"}
{"message":"/api/genres/123","level":"info","timestamp":"2021-05-22T07:39:01.609Z"}
{"message":"/api/genres/60a8b5159230977410e4eeb7","level":"info","timestamp":"2021-05-22T07:39:01.643Z"}
{"message":"/api/genres","level":"info","timestamp":"2021-05-22T07:39:01.689Z"}
{"message":"/api/genres","level":"info","timestamp":"2021-05-22T07:39:01.803Z"}
{"message":"/api/genres","level":"info","timestamp":"2021-05-22T07:39:01.848Z"}
{"message":"/api/genres","level":"info","timestamp":"2021-05-22T07:39:01.881Z"}
{"message":"Listening on port 3000...","level":"info","timestamp":"2021-05-22T07:40:52.163Z"}
{"message":"Connected to mongodb://localhost/vidly_tests...","level":"info","timestamp":"2021-05-22T07:40:52.270Z"}
{"message":"/api/genres","level":"info","timestamp":"2021-05-22T07:40:52.371Z"}
{"message":"/api/genres/60a8b58460c38b6c382cb664","level":"info","timestamp":"2021-05-22T07:40:52.467Z"}
{"message":"/api/genres/123","level":"info","timestamp":"2021-05-22T07:40:52.531Z"}
{"message":"/api/genres/60a8b58460c38b6c382cb665","level":"info","timestamp":"2021-05-22T07:40:52.556Z"}
{"message":"/api/genres","level":"info","timestamp":"2021-05-22T07:40:52.588Z"}
{"message":"/api/genres","level":"info","timestamp":"2021-05-22T07:40:52.664Z"}
{"message":"/api/genres","level":"info","timestamp":"2021-05-22T07:40:52.698Z"}
{"message":"/api/genres","level":"info","timestamp":"2021-05-22T07:40:52.724Z"}
{"message":"Listening on port 3000...","level":"info","timestamp":"2021-05-22T07:41:03.109Z"}
{"message":"Connected to mongodb://localhost/vidly_tests...","level":"info","timestamp":"2021-05-22T07:41:03.169Z"}
{"message":"/api/genres","level":"info","timestamp":"2021-05-22T07:41:03.213Z"}
{"message":"/api/genres/60a8b58fa31ca56c381103f5","level":"info","timestamp":"2021-05-22T07:41:03.269Z"}
{"message":"/api/genres/123","level":"info","timestamp":"2021-05-22T07:41:03.300Z"}
{"message":"/api/genres/60a8b58fa31ca56c381103f6","level":"info","timestamp":"2021-05-22T07:41:03.328Z"}
{"message":"/api/genres","level":"info","timestamp":"2021-05-22T07:41:03.371Z"}
{"message":"/api/genres","level":"info","timestamp":"2021-05-22T07:41:03.408Z"}
{"message":"/api/genres","level":"info","timestamp":"2021-05-22T07:41:03.443Z"}
{"message":"/api/genres","level":"info","timestamp":"2021-05-22T07:41:03.485Z"}
{"message":"Listening on port 3000...","level":"info","timestamp":"2021-05-22T07:44:44.759Z"}
{"message":"Connected to mongodb://localhost/vidly_tests...","level":"info","timestamp":"2021-05-22T07:44:44.839Z"}
{"message":"/api/genres","level":"info","timestamp":"2021-05-22T07:44:44.888Z"}
{"message":"/api/genres/60a8b66cc8e03d6c38eaabfa","level":"info","timestamp":"2021-05-22T07:44:44.994Z"}
{"message":"/api/genres/123","level":"info","timestamp":"2021-05-22T07:44:45.058Z"}
{"message":"/api/genres/60a8b66dc8e03d6c38eaabfb","level":"info","timestamp":"2021-05-22T07:44:45.085Z"}
{"message":"/api/genres","level":"info","timestamp":"2021-05-22T07:44:45.123Z"}
{"message":"/api/genres","level":"info","timestamp":"2021-05-22T07:44:45.187Z"}
{"message":"/api/genres","level":"info","timestamp":"2021-05-22T07:44:45.225Z"}
{"message":"/api/genres","level":"info","timestamp":"2021-05-22T07:44:45.256Z"}
{"message":"Listening on port 3000...","level":"info","timestamp":"2021-05-22T07:45:15.552Z"}
{"message":"Connected to mongodb://localhost/vidly_tests...","level":"info","timestamp":"2021-05-22T07:45:15.649Z"}
{"message":"/api/genres","level":"info","timestamp":"2021-05-22T07:45:15.706Z"}
{"message":"/api/genres/60a8b68b3e522d6c3877cb83","level":"info","timestamp":"2021-05-22T07:45:15.783Z"}
{"message":"/api/genres/123","level":"info","timestamp":"2021-05-22T07:45:15.820Z"}
{"message":"/api/genres/60a8b68b3e522d6c3877cb84","level":"info","timestamp":"2021-05-22T07:45:15.849Z"}
{"message":"/api/genres","level":"info","timestamp":"2021-05-22T07:45:15.893Z"}
{"message":"/api/genres","level":"info","timestamp":"2021-05-22T07:45:15.961Z"}
{"message":"/api/genres","level":"info","timestamp":"2021-05-22T07:45:16.007Z"}
{"message":"/api/genres","level":"info","timestamp":"2021-05-22T07:45:16.042Z"}
{"message":"Listening on port 3000...","level":"info","timestamp":"2021-05-22T07:52:05.934Z"}
{"message":"Connected to mongodb://localhost/vidly_tests...","level":"info","timestamp":"2021-05-22T07:52:06.912Z"}
{"message":"/api/genres","level":"info","timestamp":"2021-05-22T07:52:07.002Z"}
{"message":"/api/genres/60a8b827d1785c6c387cb538","level":"info","timestamp":"2021-05-22T07:52:07.147Z"}
{"message":"/api/genres/123","level":"info","timestamp":"2021-05-22T07:52:07.203Z"}
{"message":"/api/genres/60a8b827d1785c6c387cb539","level":"info","timestamp":"2021-05-22T07:52:07.258Z"}
{"message":"/api/genres","level":"info","timestamp":"2021-05-22T07:52:07.324Z"}
{"message":"/api/genres","level":"info","timestamp":"2021-05-22T07:52:07.422Z"}
{"message":"/api/genres","level":"info","timestamp":"2021-05-22T07:52:07.486Z"}
{"message":"/api/genres","level":"info","timestamp":"2021-05-22T07:52:07.537Z"}
{"message":"Listening on port 3000...","level":"info","timestamp":"2021-05-22T07:53:58.564Z"}
{"message":"Connected to mongodb://localhost/vidly_tests...","level":"info","timestamp":"2021-05-22T07:53:58.673Z"}
{"message":"/api/genres","level":"info","timestamp":"2021-05-22T07:53:58.745Z"}
{"message":"/api/genres/60a8b896afe6646c383faab2","level":"info","timestamp":"2021-05-22T07:53:58.874Z"}
{"message":"/api/genres/123","level":"info","timestamp":"2021-05-22T07:53:58.915Z"}
{"message":"/api/genres/60a8b896afe6646c383faab3","level":"info","timestamp":"2021-05-22T07:53:58.941Z"}
{"message":"/api/genres","level":"info","timestamp":"2021-05-22T07:53:58.980Z"}
{"message":"/api/genres","level":"info","timestamp":"2021-05-22T07:53:59.053Z"}
{"message":"/api/genres","level":"info","timestamp":"2021-05-22T07:53:59.094Z"}
{"message":"/api/genres","level":"info","timestamp":"2021-05-22T07:53:59.128Z"}
{"message":"Listening on port 3000...","level":"info","timestamp":"2021-05-22T07:54:01.469Z"}
{"message":"/api/genre","level":"info","timestamp":"2021-05-22T07:54:01.486Z"}
{"message":"Connected to mongodb://localhost/vidly_tests...","level":"info","timestamp":"2021-05-22T07:54:01.531Z"}
{"message":"Listening on port 3000...","level":"info","timestamp":"2021-05-22T07:55:39.730Z"}
{"message":"/api/genre","level":"info","timestamp":"2021-05-22T07:55:39.802Z"}
{"message":"Connected to mongodb://localhost/vidly_tests...","level":"info","timestamp":"2021-05-22T07:55:39.875Z"}
{"message":"Listening on port 3000...","level":"info","timestamp":"2021-05-22T07:55:41.271Z"}
{"message":"Connected to mongodb://localhost/vidly_tests...","level":"info","timestamp":"2021-05-22T07:55:41.367Z"}
{"message":"/api/genres","level":"info","timestamp":"2021-05-22T07:55:41.408Z"}
{"message":"/api/genres/60a8b8fd681a196c388f8f23","level":"info","timestamp":"2021-05-22T07:55:41.478Z"}
{"message":"/api/genres/123","level":"info","timestamp":"2021-05-22T07:55:41.522Z"}
{"message":"/api/genres/60a8b8fd681a196c388f8f24","level":"info","timestamp":"2021-05-22T07:55:41.553Z"}
{"message":"/api/genres","level":"info","timestamp":"2021-05-22T07:55:41.587Z"}
{"message":"/api/genres","level":"info","timestamp":"2021-05-22T07:55:41.633Z"}
{"message":"/api/genres","level":"info","timestamp":"2021-05-22T07:55:41.673Z"}
{"message":"/api/genres","level":"info","timestamp":"2021-05-22T07:55:41.704Z"}
{"message":"Listening on port 3000...","level":"info","timestamp":"2021-05-22T07:56:09.476Z"}
{"message":"/api/genres","level":"info","timestamp":"2021-05-22T07:56:09.503Z"}
{"message":"Connected to mongodb://localhost/vidly_tests...","level":"info","timestamp":"2021-05-22T07:56:09.641Z"}
{"message":"Listening on port 3000...","level":"info","timestamp":"2021-05-22T07:56:10.942Z"}
{"message":"Connected to mongodb://localhost/vidly_tests...","level":"info","timestamp":"2021-05-22T07:56:11.028Z"}
{"message":"/api/genres","level":"info","timestamp":"2021-05-22T07:56:11.062Z"}
{"message":"/api/genres/60a8b91b60fd4a6c38b095fa","level":"info","timestamp":"2021-05-22T07:56:11.112Z"}
{"message":"/api/genres/123","level":"info","timestamp":"2021-05-22T07:56:11.152Z"}
{"message":"/api/genres/60a8b91b60fd4a6c38b095fb","level":"info","timestamp":"2021-05-22T07:56:11.181Z"}
{"message":"/api/genres","level":"info","timestamp":"2021-05-22T07:56:11.218Z"}
{"message":"/api/genres","level":"info","timestamp":"2021-05-22T07:56:11.258Z"}
{"message":"/api/genres","level":"info","timestamp":"2021-05-22T07:56:11.293Z"}
{"message":"/api/genres","level":"info","timestamp":"2021-05-22T07:56:11.331Z"}
{"message":"Listening on port 3000...","level":"info","timestamp":"2021-05-22T07:59:18.232Z"}
{"message":"/api/genres","level":"info","timestamp":"2021-05-22T07:59:18.377Z"}
{"message":"Connected to mongodb://localhost/vidly_tests...","level":"info","timestamp":"2021-05-22T07:59:18.505Z"}
{"message":"/api/genres","level":"info","timestamp":"2021-05-22T07:59:18.516Z"}
{"message":"Listening on port 3000...","level":"info","timestamp":"2021-05-22T07:59:20.053Z"}
{"message":"Connected to mongodb://localhost/vidly_tests...","level":"info","timestamp":"2021-05-22T07:59:20.181Z"}
{"message":"/api/genres","level":"info","timestamp":"2021-05-22T07:59:20.268Z"}
{"message":"/api/genres/60a8b9d81fc7bb6c38465bbb","level":"info","timestamp":"2021-05-22T07:59:20.374Z"}
{"message":"/api/genres/123","level":"info","timestamp":"2021-05-22T07:59:20.417Z"}
{"message":"/api/genres/60a8b9d81fc7bb6c38465bbc","level":"info","timestamp":"2021-05-22T07:59:20.450Z"}
{"message":"/api/genres","level":"info","timestamp":"2021-05-22T07:59:20.488Z"}
{"message":"/api/genres","level":"info","timestamp":"2021-05-22T07:59:20.537Z"}
{"message":"/api/genres","level":"info","timestamp":"2021-05-22T07:59:20.582Z"}
{"message":"/api/genres","level":"info","timestamp":"2021-05-22T07:59:20.622Z"}
{"message":"Listening on port 3000...","level":"info","timestamp":"2021-05-22T08:01:56.440Z"}
{"message":"/api/genres","level":"info","timestamp":"2021-05-22T08:01:56.499Z"}
{"message":"Connected to mongodb://localhost/vidly_tests...","level":"info","timestamp":"2021-05-22T08:01:56.617Z"}
{"message":"/api/genres","level":"info","timestamp":"2021-05-22T08:01:56.665Z"}
{"message":"/api/genres","level":"info","timestamp":"2021-05-22T08:01:56.693Z"}
{"message":"Listening on port 3000...","level":"info","timestamp":"2021-05-22T08:01:58.030Z"}
{"message":"Connected to mongodb://localhost/vidly_tests...","level":"info","timestamp":"2021-05-22T08:01:58.127Z"}
{"message":"/api/genres","level":"info","timestamp":"2021-05-22T08:01:58.209Z"}
{"message":"/api/genres/60a8ba76fb91846c380c5393","level":"info","timestamp":"2021-05-22T08:01:58.308Z"}
{"message":"/api/genres/123","level":"info","timestamp":"2021-05-22T08:01:58.354Z"}
{"message":"/api/genres/60a8ba76fb91846c380c5394","level":"info","timestamp":"2021-05-22T08:01:58.380Z"}
{"message":"/api/genres","level":"info","timestamp":"2021-05-22T08:01:58.428Z"}
{"message":"/api/genres","level":"info","timestamp":"2021-05-22T08:01:58.471Z"}
{"message":"/api/genres","level":"info","timestamp":"2021-05-22T08:01:58.505Z"}
{"message":"/api/genres","level":"info","timestamp":"2021-05-22T08:01:58.530Z"}
{"message":"Listening on port 3000...","level":"info","timestamp":"2021-05-22T08:09:45.516Z"}
{"message":"/api/genres","level":"info","timestamp":"2021-05-22T08:09:45.703Z"}
{"message":"Connected to mongodb://localhost/vidly_tests...","level":"info","timestamp":"2021-05-22T08:09:45.805Z"}
{"message":"/api/genres","level":"info","timestamp":"2021-05-22T08:09:45.885Z"}
{"message":"/api/genres","level":"info","timestamp":"2021-05-22T08:09:45.919Z"}
{"message":"Listening on port 3000...","level":"info","timestamp":"2021-05-22T08:09:47.445Z"}
{"message":"Connected to mongodb://localhost/vidly_tests...","level":"info","timestamp":"2021-05-22T08:09:47.556Z"}
{"message":"/api/genres","level":"info","timestamp":"2021-05-22T08:09:47.647Z"}
{"message":"/api/genres/60a8bc4b882d3e6c38e7f063","level":"info","timestamp":"2021-05-22T08:09:47.769Z"}
{"message":"/api/genres/123","level":"info","timestamp":"2021-05-22T08:09:47.824Z"}
{"message":"/api/genres/60a8bc4b882d3e6c38e7f064","level":"info","timestamp":"2021-05-22T08:09:47.859Z"}
{"message":"/api/genres","level":"info","timestamp":"2021-05-22T08:09:47.905Z"}
{"message":"/api/genres","level":"info","timestamp":"2021-05-22T08:09:47.966Z"}
{"message":"/api/genres","level":"info","timestamp":"2021-05-22T08:09:48.006Z"}
{"message":"/api/genres","level":"info","timestamp":"2021-05-22T08:09:48.055Z"}
{"message":"Listening on port 3000...","level":"info","timestamp":"2021-05-22T08:10:33.712Z"}
{"message":"/api/genres","level":"info","timestamp":"2021-05-22T08:10:33.982Z"}
{"message":"Connected to mongodb://localhost/vidly_tests...","level":"info","timestamp":"2021-05-22T08:10:34.107Z"}
{"message":"/api/genres","level":"info","timestamp":"2021-05-22T08:10:34.195Z"}
{"message":"/api/genres","level":"info","timestamp":"2021-05-22T08:10:34.235Z"}
{"message":"Listening on port 3000...","level":"info","timestamp":"2021-05-22T08:10:35.983Z"}
{"message":"Connected to mongodb://localhost/vidly_tests...","level":"info","timestamp":"2021-05-22T08:10:36.084Z"}
{"message":"/api/genres","level":"info","timestamp":"2021-05-22T08:10:36.132Z"}
{"message":"/api/genres/60a8bc7cc3e0046c38ba0a82","level":"info","timestamp":"2021-05-22T08:10:36.200Z"}
{"message":"/api/genres/123","level":"info","timestamp":"2021-05-22T08:10:36.244Z"}
{"message":"/api/genres/60a8bc7cc3e0046c38ba0a83","level":"info","timestamp":"2021-05-22T08:10:36.286Z"}
{"message":"/api/genres","level":"info","timestamp":"2021-05-22T08:10:36.323Z"}
{"message":"/api/genres","level":"info","timestamp":"2021-05-22T08:10:36.367Z"}
{"message":"/api/genres","level":"info","timestamp":"2021-05-22T08:10:36.419Z"}
{"message":"/api/genres","level":"info","timestamp":"2021-05-22T08:10:36.467Z"}
{"message":"Listening on port 3000...","level":"info","timestamp":"2021-05-22T08:15:11.122Z"}
{"message":"/api/genres","level":"info","timestamp":"2021-05-22T08:15:11.310Z"}
{"message":"Connected to mongodb://localhost/vidly_tests...","level":"info","timestamp":"2021-05-22T08:15:11.404Z"}
{"message":"/api/genres","level":"info","timestamp":"2021-05-22T08:15:11.477Z"}
{"message":"/api/genres","level":"info","timestamp":"2021-05-22T08:15:11.507Z"}
{"message":"Listening on port 3000...","level":"info","timestamp":"2021-05-22T08:15:12.809Z"}
{"message":"Connected to mongodb://localhost/vidly_tests...","level":"info","timestamp":"2021-05-22T08:15:12.870Z"}
{"message":"/api/genres","level":"info","timestamp":"2021-05-22T08:15:12.906Z"}
{"message":"/api/genres/60a8bd90084d1e6c3838dc8c","level":"info","timestamp":"2021-05-22T08:15:12.958Z"}
{"message":"/api/genres/123","level":"info","timestamp":"2021-05-22T08:15:13.001Z"}
{"message":"/api/genres/60a8bd91084d1e6c3838dc8d","level":"info","timestamp":"2021-05-22T08:15:13.030Z"}
{"message":"/api/genres","level":"info","timestamp":"2021-05-22T08:15:13.060Z"}
{"message":"/api/genres","level":"info","timestamp":"2021-05-22T08:15:13.095Z"}
{"message":"/api/genres","level":"info","timestamp":"2021-05-22T08:15:13.133Z"}
{"message":"/api/genres","level":"info","timestamp":"2021-05-22T08:15:13.166Z"}
{"message":"Listening on port 3000...","level":"info","timestamp":"2021-05-22T08:17:17.469Z"}
{"message":"/api/genres","level":"info","timestamp":"2021-05-22T08:17:17.626Z"}
{"message":"Connected to mongodb://localhost/vidly_tests...","level":"info","timestamp":"2021-05-22T08:17:17.730Z"}
{"message":"/api/genres","level":"info","timestamp":"2021-05-22T08:17:17.778Z"}
{"message":"/api/genres","level":"info","timestamp":"2021-05-22T08:17:17.812Z"}
{"message":"Listening on port 3000...","level":"info","timestamp":"2021-05-22T08:17:19.195Z"}
{"message":"Connected to mongodb://localhost/vidly_tests...","level":"info","timestamp":"2021-05-22T08:17:19.253Z"}
{"message":"/api/genres","level":"info","timestamp":"2021-05-22T08:17:19.283Z"}
{"message":"/api/genres/60a8be0fd8d6536c3898b5e1","level":"info","timestamp":"2021-05-22T08:17:19.342Z"}
{"message":"/api/genres/123","level":"info","timestamp":"2021-05-22T08:17:19.382Z"}
{"message":"/api/genres/60a8be0fd8d6536c3898b5e2","level":"info","timestamp":"2021-05-22T08:17:19.411Z"}
{"message":"/api/genres","level":"info","timestamp":"2021-05-22T08:17:19.445Z"}
{"message":"/api/genres","level":"info","timestamp":"2021-05-22T08:17:19.485Z"}
{"message":"/api/genres","level":"info","timestamp":"2021-05-22T08:17:19.517Z"}
{"message":"/api/genres","level":"info","timestamp":"2021-05-22T08:17:19.549Z"}
{"message":"Listening on port 3000...","level":"info","timestamp":"2021-05-22T08:18:26.110Z"}
{"message":"/api/genres","level":"info","timestamp":"2021-05-22T08:18:28.841Z"}
{"message":"Connected to mongodb://localhost/vidly_tests...","level":"info","timestamp":"2021-05-22T08:18:28.957Z"}
{"message":"/api/genres","level":"info","timestamp":"2021-05-22T08:18:29.055Z"}
{"message":"/api/genres","level":"info","timestamp":"2021-05-22T08:18:29.082Z"}
{"message":"Listening on port 3000...","level":"info","timestamp":"2021-05-22T08:18:30.708Z"}
{"message":"Connected to mongodb://localhost/vidly_tests...","level":"info","timestamp":"2021-05-22T08:18:30.773Z"}
{"message":"/api/genres","level":"info","timestamp":"2021-05-22T08:18:30.807Z"}
{"message":"/api/genres/60a8be568358a9076ceee66e","level":"info","timestamp":"2021-05-22T08:18:30.879Z"}
{"message":"/api/genres/123","level":"info","timestamp":"2021-05-22T08:18:30.913Z"}
{"message":"/api/genres/60a8be568358a9076ceee66f","level":"info","timestamp":"2021-05-22T08:18:30.940Z"}
{"message":"/api/genres","level":"info","timestamp":"2021-05-22T08:18:30.970Z"}
{"message":"/api/genres","level":"info","timestamp":"2021-05-22T08:18:31.014Z"}
{"message":"/api/genres","level":"info","timestamp":"2021-05-22T08:18:31.048Z"}
{"message":"/api/genres","level":"info","timestamp":"2021-05-22T08:18:31.074Z"}
{"message":"Listening on port 3000...","level":"info","timestamp":"2021-05-22T08:18:42.700Z"}
{"message":"/api/genres","level":"info","timestamp":"2021-05-22T08:18:42.776Z"}
{"message":"Connected to mongodb://localhost/vidly_tests...","level":"info","timestamp":"2021-05-22T08:18:42.849Z"}
{"message":"/api/genres","level":"info","timestamp":"2021-05-22T08:18:42.919Z"}
{"message":"/api/genres","level":"info","timestamp":"2021-05-22T08:18:42.956Z"}
{"message":"Listening on port 3000...","level":"info","timestamp":"2021-05-22T08:18:44.548Z"}
{"message":"Connected to mongodb://localhost/vidly_tests...","level":"info","timestamp":"2021-05-22T08:18:44.596Z"}
{"message":"/api/genres","level":"info","timestamp":"2021-05-22T08:18:44.634Z"}
{"message":"/api/genres/60a8be6450b7b7076c48ae61","level":"info","timestamp":"2021-05-22T08:18:44.684Z"}
{"message":"/api/genres/123","level":"info","timestamp":"2021-05-22T08:18:44.723Z"}
{"message":"/api/genres/60a8be6450b7b7076c48ae62","level":"info","timestamp":"2021-05-22T08:18:44.753Z"}
{"message":"/api/genres","level":"info","timestamp":"2021-05-22T08:18:44.791Z"}
{"message":"/api/genres","level":"info","timestamp":"2021-05-22T08:18:44.829Z"}
{"message":"/api/genres","level":"info","timestamp":"2021-05-22T08:18:44.865Z"}
{"message":"/api/genres","level":"info","timestamp":"2021-05-22T08:18:44.892Z"}
{"message":"Listening on port 3000...","level":"info","timestamp":"2021-05-22T08:31:21.900Z"}
{"message":"/api/genres","level":"info","timestamp":"2021-05-22T08:31:21.969Z"}
{"message":"Connected to mongodb://localhost/vidly_tests...","level":"info","timestamp":"2021-05-22T08:31:22.046Z"}
{"message":"/api/genres","level":"info","timestamp":"2021-05-22T08:31:22.110Z"}
{"message":"/api/genres","level":"info","timestamp":"2021-05-22T08:31:22.138Z"}
{"message":"Listening on port 3000...","level":"info","timestamp":"2021-05-22T08:31:23.527Z"}
{"message":"Connected to mongodb://localhost/vidly_tests...","level":"info","timestamp":"2021-05-22T08:31:23.579Z"}
{"message":"/api/genres","level":"info","timestamp":"2021-05-22T08:31:23.611Z"}
{"message":"/api/genres/60a8c15bffbeeb076c53ee0d","level":"info","timestamp":"2021-05-22T08:31:23.672Z"}
{"message":"/api/genres/123","level":"info","timestamp":"2021-05-22T08:31:23.709Z"}
{"message":"/api/genres/60a8c15bffbeeb076c53ee0e","level":"info","timestamp":"2021-05-22T08:31:23.732Z"}
{"message":"/api/genres","level":"info","timestamp":"2021-05-22T08:31:23.764Z"}
{"message":"/api/genres","level":"info","timestamp":"2021-05-22T08:31:23.805Z"}
{"message":"/api/genres","level":"info","timestamp":"2021-05-22T08:31:23.848Z"}
{"message":"/api/genres","level":"info","timestamp":"2021-05-22T08:31:23.879Z"}
{"message":"Listening on port 3000...","level":"info","timestamp":"2021-05-22T08:34:43.532Z"}
{"message":"/api/genres","level":"info","timestamp":"2021-05-22T08:34:43.619Z"}
{"message":"Connected to mongodb://localhost/vidly_tests...","level":"info","timestamp":"2021-05-22T08:34:43.696Z"}
{"message":"/api/genres","level":"info","timestamp":"2021-05-22T08:34:43.767Z"}
{"message":"/api/genres","level":"info","timestamp":"2021-05-22T08:34:43.794Z"}
{"message":"Listening on port 3000...","level":"info","timestamp":"2021-05-22T08:34:45.390Z"}
{"message":"Connected to mongodb://localhost/vidly_tests...","level":"info","timestamp":"2021-05-22T08:34:45.478Z"}
{"message":"/api/genres","level":"info","timestamp":"2021-05-22T08:34:45.559Z"}
{"message":"/api/genres/60a8c225629370076c2fd298","level":"info","timestamp":"2021-05-22T08:34:45.618Z"}
{"message":"/api/genres/123","level":"info","timestamp":"2021-05-22T08:34:45.655Z"}
{"message":"/api/genres/60a8c225629370076c2fd299","level":"info","timestamp":"2021-05-22T08:34:45.686Z"}
{"message":"/api/genres","level":"info","timestamp":"2021-05-22T08:34:45.720Z"}
{"message":"/api/genres","level":"info","timestamp":"2021-05-22T08:34:45.758Z"}
{"message":"/api/genres","level":"info","timestamp":"2021-05-22T08:34:45.790Z"}
{"message":"/api/genres","level":"info","timestamp":"2021-05-22T08:34:45.820Z"}
{"message":"Listening on port 3000...","level":"info","timestamp":"2021-05-22T08:44:03.179Z"}
{"message":"/api/genres","level":"info","timestamp":"2021-05-22T08:44:04.735Z"}
{"message":"Connected to mongodb://localhost/vidly_tests...","level":"info","timestamp":"2021-05-22T08:44:09.164Z"}
{"message":"/api/genres","level":"info","timestamp":"2021-05-22T08:44:09.252Z"}
{"message":"/api/genres","level":"info","timestamp":"2021-05-22T08:44:09.286Z"}
{"message":"Listening on port 3000...","level":"info","timestamp":"2021-05-22T08:44:10.788Z"}
{"message":"Connected to mongodb://localhost/vidly_tests...","level":"info","timestamp":"2021-05-22T08:44:10.841Z"}
{"message":"/api/genres","level":"info","timestamp":"2021-05-22T08:44:10.878Z"}
{"message":"/api/genres/60a8c45a5167bb076c29a252","level":"info","timestamp":"2021-05-22T08:44:10.940Z"}
{"message":"/api/genres/123","level":"info","timestamp":"2021-05-22T08:44:10.982Z"}
{"message":"/api/genres/60a8c45b5167bb076c29a253","level":"info","timestamp":"2021-05-22T08:44:11.011Z"}
{"message":"/api/genres","level":"info","timestamp":"2021-05-22T08:44:11.043Z"}
{"message":"/api/genres","level":"info","timestamp":"2021-05-22T08:44:11.080Z"}
{"message":"/api/genres","level":"info","timestamp":"2021-05-22T08:44:11.116Z"}
{"message":"/api/genres","level":"info","timestamp":"2021-05-22T08:44:11.147Z"}
{"message":"/api/genres/60a8c45b5167bb076c29a25a","level":"info","timestamp":"2021-05-22T08:44:11.191Z"}
{"message":"/api/genres/60a8c45b5167bb076c29a25c","level":"info","timestamp":"2021-05-22T08:44:11.218Z"}
{"message":"Listening on port 3000...","level":"info","timestamp":"2021-05-22T08:49:09.654Z"}
{"message":"/api/genres","level":"info","timestamp":"2021-05-22T08:49:09.741Z"}
{"message":"Connected to mongodb://localhost/vidly_tests...","level":"info","timestamp":"2021-05-22T08:49:09.827Z"}
{"message":"/api/genres","level":"info","timestamp":"2021-05-22T08:49:09.885Z"}
{"message":"/api/genres","level":"info","timestamp":"2021-05-22T08:49:09.916Z"}
{"message":"Listening on port 3000...","level":"info","timestamp":"2021-05-22T08:49:11.527Z"}
{"message":"Connected to mongodb://localhost/vidly_tests...","level":"info","timestamp":"2021-05-22T08:49:11.593Z"}
{"message":"/api/genres","level":"info","timestamp":"2021-05-22T08:49:11.625Z"}
{"message":"/api/genres/60a8c587eb9ed8076cb950b6","level":"info","timestamp":"2021-05-22T08:49:11.692Z"}
{"message":"/api/genres/123","level":"info","timestamp":"2021-05-22T08:49:11.726Z"}
{"message":"/api/genres/60a8c587eb9ed8076cb950b7","level":"info","timestamp":"2021-05-22T08:49:11.752Z"}
{"message":"/api/genres","level":"info","timestamp":"2021-05-22T08:49:11.784Z"}
{"message":"/api/genres","level":"info","timestamp":"2021-05-22T08:49:11.827Z"}
{"message":"/api/genres","level":"info","timestamp":"2021-05-22T08:49:11.860Z"}
{"message":"/api/genres","level":"info","timestamp":"2021-05-22T08:49:11.889Z"}
{"message":"/api/genres/60a8c587eb9ed8076cb950bd","level":"info","timestamp":"2021-05-22T08:49:11.938Z"}
{"message":"/api/genres/60a8c587eb9ed8076cb950bf","level":"info","timestamp":"2021-05-22T08:49:11.978Z"}
{"message":"/api/genres/60a8c588eb9ed8076cb950c3","level":"info","timestamp":"2021-05-22T08:49:12.014Z"}
{"message":"Listening on port 3000...","level":"info","timestamp":"2021-05-22T08:49:19.411Z"}
{"message":"/api/genres","level":"info","timestamp":"2021-05-22T08:49:19.442Z"}
{"message":"Connected to mongodb://localhost/vidly_tests...","level":"info","timestamp":"2021-05-22T08:49:19.476Z"}
{"message":"/api/genres","level":"info","timestamp":"2021-05-22T08:49:19.530Z"}
{"message":"/api/genres","level":"info","timestamp":"2021-05-22T08:49:19.563Z"}
{"message":"Listening on port 3000...","level":"info","timestamp":"2021-05-22T08:49:21.018Z"}
{"message":"Connected to mongodb://localhost/vidly_tests...","level":"info","timestamp":"2021-05-22T08:49:21.113Z"}
{"message":"/api/genres","level":"info","timestamp":"2021-05-22T08:49:21.147Z"}
{"message":"/api/genres/60a8c591036905076c9ad426","level":"info","timestamp":"2021-05-22T08:49:21.197Z"}
{"message":"/api/genres/123","level":"info","timestamp":"2021-05-22T08:49:21.246Z"}
{"message":"/api/genres/60a8c591036905076c9ad427","level":"info","timestamp":"2021-05-22T08:49:21.274Z"}
{"message":"/api/genres","level":"info","timestamp":"2021-05-22T08:49:21.309Z"}
{"message":"/api/genres","level":"info","timestamp":"2021-05-22T08:49:21.351Z"}
{"message":"/api/genres","level":"info","timestamp":"2021-05-22T08:49:21.388Z"}
{"message":"/api/genres","level":"info","timestamp":"2021-05-22T08:49:21.422Z"}
{"message":"/api/genres/60a8c591036905076c9ad42d","level":"info","timestamp":"2021-05-22T08:49:21.482Z"}
{"message":"/api/genres/60a8c591036905076c9ad42f","level":"info","timestamp":"2021-05-22T08:49:21.525Z"}
{"message":"/api/genres/60a8c591036905076c9ad433","level":"info","timestamp":"2021-05-22T08:49:21.592Z"}
{"message":"Listening on port 3000...","level":"info","timestamp":"2021-05-22T08:51:49.542Z"}
{"message":"Connected to mongodb://localhost/vidly_tests...","level":"info","timestamp":"2021-05-22T08:51:49.646Z"}
{"message":"/api/genres","level":"info","timestamp":"2021-05-22T08:51:49.698Z"}
{"message":"/api/genres/60a8c625cd18bd076cc802c8","level":"info","timestamp":"2021-05-22T08:51:49.776Z"}
{"message":"/api/genres/123","level":"info","timestamp":"2021-05-22T08:51:49.818Z"}
{"message":"/api/genres/60a8c625cd18bd076cc802c9","level":"info","timestamp":"2021-05-22T08:51:49.848Z"}
{"message":"/api/genres","level":"info","timestamp":"2021-05-22T08:51:49.882Z"}
{"message":"/api/genres","level":"info","timestamp":"2021-05-22T08:51:49.946Z"}
{"message":"/api/genres","level":"info","timestamp":"2021-05-22T08:51:49.989Z"}
{"message":"/api/genres","level":"info","timestamp":"2021-05-22T08:51:50.020Z"}
{"message":"/api/genres/60a8c626cd18bd076cc802cf","level":"info","timestamp":"2021-05-22T08:51:50.073Z"}
{"message":"/api/genres/60a8c626cd18bd076cc802d1","level":"info","timestamp":"2021-05-22T08:51:50.108Z"}
{"message":"/api/genres/60a8c626cd18bd076cc802d5","level":"info","timestamp":"2021-05-22T08:51:50.143Z"}
{"message":"/api/genres/60a8c626cd18bd076cc802d6","level":"info","timestamp":"2021-05-22T08:51:50.198Z"}
{"message":"Listening on port 3000...","level":"info","timestamp":"2021-05-22T08:51:51.692Z"}
{"message":"/api/genres","level":"info","timestamp":"2021-05-22T08:51:51.878Z"}
{"message":"Connected to mongodb://localhost/vidly_tests...","level":"info","timestamp":"2021-05-22T08:51:51.913Z"}
{"message":"/api/genres","level":"info","timestamp":"2021-05-22T08:51:51.956Z"}
{"message":"/api/genres","level":"info","timestamp":"2021-05-22T08:51:51.987Z"}
{"message":"Listening on port 3000...","level":"info","timestamp":"2021-05-22T08:55:25.100Z"}
{"message":"Connected to mongodb://localhost/vidly_tests...","level":"info","timestamp":"2021-05-22T08:55:25.281Z"}
{"message":"/api/genres","level":"info","timestamp":"2021-05-22T08:55:25.327Z"}
{"message":"/api/genres/60a8c6fda0eb9d076c2389ae","level":"info","timestamp":"2021-05-22T08:55:25.400Z"}
{"message":"/api/genres/123","level":"info","timestamp":"2021-05-22T08:55:25.439Z"}
{"message":"/api/genres/60a8c6fda0eb9d076c2389af","level":"info","timestamp":"2021-05-22T08:55:25.466Z"}
{"message":"/api/genres","level":"info","timestamp":"2021-05-22T08:55:25.504Z"}
{"message":"/api/genres","level":"info","timestamp":"2021-05-22T08:55:25.577Z"}
{"message":"/api/genres","level":"info","timestamp":"2021-05-22T08:55:25.618Z"}
{"message":"/api/genres","level":"info","timestamp":"2021-05-22T08:55:25.650Z"}
{"message":"/api/genres/60a8c6fda0eb9d076c2389b5","level":"info","timestamp":"2021-05-22T08:55:25.696Z"}
{"message":"/api/genres/60a8c6fda0eb9d076c2389b7","level":"info","timestamp":"2021-05-22T08:55:25.732Z"}
{"message":"/api/genres/60a8c6fda0eb9d076c2389bb","level":"info","timestamp":"2021-05-22T08:55:25.776Z"}
{"message":"/api/genres/60a8c6fda0eb9d076c2389bc","level":"info","timestamp":"2021-05-22T08:55:25.854Z"}
{"message":"/api/genres/60a8c6fda0eb9d076c2389be","level":"info","timestamp":"2021-05-22T08:55:25.928Z"}
{"message":"/api/genres/60a8c6fda0eb9d076c2389c1","level":"info","timestamp":"2021-05-22T08:55:25.976Z"}
{"message":"/api/genres/60a8c6fea0eb9d076c2389c7","level":"info","timestamp":"2021-05-22T08:55:26.030Z"}
{"message":"/api/genres/60a8c6fea0eb9d076c2389c8","level":"info","timestamp":"2021-05-22T08:55:26.079Z"}
{"message":"Listening on port 3000...","level":"info","timestamp":"2021-05-22T08:55:27.538Z"}
{"message":"/api/genres","level":"info","timestamp":"2021-05-22T08:55:27.591Z"}
{"message":"Connected to mongodb://localhost/vidly_tests...","level":"info","timestamp":"2021-05-22T08:55:27.670Z"}
{"message":"/api/genres","level":"info","timestamp":"2021-05-22T08:55:27.801Z"}
{"message":"/api/genres","level":"info","timestamp":"2021-05-22T08:55:27.839Z"}
{"message":"Listening on port 3000...","level":"info","timestamp":"2021-05-22T08:57:33.360Z"}
{"message":"Connected to mongodb://localhost/vidly_tests...","level":"info","timestamp":"2021-05-22T08:57:33.580Z"}
{"message":"/api/genres","level":"info","timestamp":"2021-05-22T08:57:33.644Z"}
{"message":"/api/genres/60a8c77d1ab1e4076c65f832","level":"info","timestamp":"2021-05-22T08:57:33.725Z"}
{"message":"/api/genres/123","level":"info","timestamp":"2021-05-22T08:57:33.760Z"}
{"message":"/api/genres/60a8c77d1ab1e4076c65f833","level":"info","timestamp":"2021-05-22T08:57:33.789Z"}
{"message":"/api/genres","level":"info","timestamp":"2021-05-22T08:57:33.824Z"}
{"message":"/api/genres","level":"info","timestamp":"2021-05-22T08:57:33.889Z"}
{"message":"/api/genres","level":"info","timestamp":"2021-05-22T08:57:33.933Z"}
{"message":"/api/genres","level":"info","timestamp":"2021-05-22T08:57:33.962Z"}
{"message":"/api/genres/60a8c77d1ab1e4076c65f839","level":"info","timestamp":"2021-05-22T08:57:34.013Z"}
{"message":"/api/genres/60a8c77e1ab1e4076c65f83b","level":"info","timestamp":"2021-05-22T08:57:34.050Z"}
{"message":"/api/genres/60a8c77e1ab1e4076c65f83f","level":"info","timestamp":"2021-05-22T08:57:34.090Z"}
{"message":"/api/genres/60a8c77e1ab1e4076c65f840","level":"info","timestamp":"2021-05-22T08:57:34.146Z"}
{"message":"/api/genres/60a8c77e1ab1e4076c65f842","level":"info","timestamp":"2021-05-22T08:57:34.188Z"}
{"message":"/api/genres/60a8c77e1ab1e4076c65f845","level":"info","timestamp":"2021-05-22T08:57:34.219Z"}
{"message":"/api/genres/60a8c77e1ab1e4076c65f84b","level":"info","timestamp":"2021-05-22T08:57:34.265Z"}
{"message":"/api/genres/60a8c77e1ab1e4076c65f84c","level":"info","timestamp":"2021-05-22T08:57:34.304Z"}
{"message":"Listening on port 3000...","level":"info","timestamp":"2021-05-22T08:57:35.760Z"}
{"message":"/api/genres","level":"info","timestamp":"2021-05-22T08:57:35.818Z"}
{"message":"Connected to mongodb://localhost/vidly_tests...","level":"info","timestamp":"2021-05-22T08:57:35.880Z"}
{"message":"/api/genres","level":"info","timestamp":"2021-05-22T08:57:36.017Z"}
{"message":"/api/genres","level":"info","timestamp":"2021-05-22T08:57:36.075Z"}
{"message":"Listening on port 3000...","level":"info","timestamp":"2021-05-22T09:01:45.216Z"}
{"message":"Connected to mongodb://localhost/vidly_tests...","level":"info","timestamp":"2021-05-22T09:01:45.412Z"}
{"message":"/api/genres","level":"info","timestamp":"2021-05-22T09:01:45.464Z"}
{"message":"/api/genres/60a8c879dc6833076c05b47a","level":"info","timestamp":"2021-05-22T09:01:45.537Z"}
{"message":"/api/genres/123","level":"info","timestamp":"2021-05-22T09:01:45.576Z"}
{"message":"/api/genres/60a8c879dc6833076c05b47b","level":"info","timestamp":"2021-05-22T09:01:45.606Z"}
{"message":"/api/genres","level":"info","timestamp":"2021-05-22T09:01:45.646Z"}
{"message":"/api/genres","level":"info","timestamp":"2021-05-22T09:01:45.731Z"}
{"message":"/api/genres","level":"info","timestamp":"2021-05-22T09:01:45.784Z"}
{"message":"/api/genres","level":"info","timestamp":"2021-05-22T09:01:45.817Z"}
{"message":"/api/genres/60a8c879dc6833076c05b481","level":"info","timestamp":"2021-05-22T09:01:45.866Z"}
{"message":"/api/genres/60a8c879dc6833076c05b483","level":"info","timestamp":"2021-05-22T09:01:45.908Z"}
{"message":"/api/genres/60a8c879dc6833076c05b487","level":"info","timestamp":"2021-05-22T09:01:45.947Z"}
{"message":"/api/genres/60a8c879dc6833076c05b488","level":"info","timestamp":"2021-05-22T09:01:46.000Z"}
{"message":"/api/genres/60a8c87adc6833076c05b48a","level":"info","timestamp":"2021-05-22T09:01:46.051Z"}
{"message":"/api/genres/60a8c87adc6833076c05b48d","level":"info","timestamp":"2021-05-22T09:01:46.086Z"}
{"message":"/api/genres/60a8c87adc6833076c05b495","level":"info","timestamp":"2021-05-22T09:01:46.119Z"}
{"message":"/api/genres/60a8c87adc6833076c05b496","level":"info","timestamp":"2021-05-22T09:01:46.157Z"}
{"message":"Listening on port 3000...","level":"info","timestamp":"2021-05-22T09:01:47.508Z"}
{"message":"/api/genres","level":"info","timestamp":"2021-05-22T09:01:47.530Z"}
{"message":"Connected to mongodb://localhost/vidly_tests...","level":"info","timestamp":"2021-05-22T09:01:47.583Z"}
{"message":"/api/genres","level":"info","timestamp":"2021-05-22T09:01:47.616Z"}
{"message":"/api/genres","level":"info","timestamp":"2021-05-22T09:01:47.653Z"}
